<?xml version="1.0" encoding="UTF-8"?>
<!-- Generated by org.testng.reporters.JUnitReportReporter -->
<testsuite hostname="G845LTRV" failures="0" tests="1" name="com.automation.test.LoginTest" time="55.234" errors="0" timestamp="2024-07-23T17:30:42 IST" skipped="0">
  <testcase classname="com.automation.test.LoginTest" name="verifyUserCanLoginWithValidCredentials" time="55.234"/>
</testsuite> <!-- com.automation.test.LoginTest -->
